  lab3_vm.cpp
C:\Users\79507\Desktop\lab3_vm\lab3_vm.cpp(32,20): warning C4018: <: несоответствие типов со знаком и без знака
C:\Users\79507\Desktop\lab3_vm\lab3_vm.cpp(54,20): warning C4018: <: несоответствие типов со знаком и без знака
C:\Users\79507\Desktop\lab3_vm\lab3_vm.cpp(62,21): warning C4018: <: несоответствие типов со знаком и без знака
C:\Users\79507\Desktop\lab3_vm\lab3_vm.cpp(90,20): warning C4018: <: несоответствие типов со знаком и без знака
C:\Users\79507\Desktop\lab3_vm\lab3_vm.cpp(99,21): warning C4018: <: несоответствие типов со знаком и без знака
C:\Users\79507\Desktop\lab3_vm\lab3_vm.cpp(136,20): warning C4018: <: несоответствие типов со знаком и без знака
C:\Users\79507\Desktop\lab3_vm\lab3_vm.cpp(154,21): warning C4018: <: несоответствие типов со знаком и без знака
C:\Users\79507\Desktop\lab3_vm\lab3_vm.cpp(199,20): warning C4018: <: несоответствие типов со знаком и без знака
C:\Users\79507\Desktop\lab3_vm\lab3_vm.cpp(208,21): warning C4018: <: несоответствие типов со знаком и без знака
C:\Users\79507\Desktop\lab3_vm\lab3_vm.cpp(236,20): warning C4018: <: несоответствие типов со знаком и без знака
C:\Users\79507\Desktop\lab3_vm\lab3_vm.cpp(244,21): warning C4018: <: несоответствие типов со знаком и без знака
C:\Users\79507\Desktop\lab3_vm\lab3_vm.cpp(276,20): warning C4018: <: несоответствие типов со знаком и без знака
C:\Users\79507\Desktop\lab3_vm\lab3_vm.cpp(297,21): warning C4018: <: несоответствие типов со знаком и без знака
C:\Users\79507\Desktop\lab3_vm\lab3_vm.cpp(343,20): warning C4018: <: несоответствие типов со знаком и без знака
C:\Users\79507\Desktop\lab3_vm\lab3_vm.cpp(362,20): warning C4018: <: несоответствие типов со знаком и без знака
C:\Users\79507\Desktop\lab3_vm\lab3_vm.cpp(367,20): warning C4018: <: несоответствие типов со знаком и без знака
C:\Users\79507\Desktop\lab3_vm\lab3_vm.cpp(372,20): warning C4018: <: несоответствие типов со знаком и без знака
C:\Users\79507\Desktop\lab3_vm\lab3_vm.cpp(377,20): warning C4018: <: несоответствие типов со знаком и без знака
C:\Users\79507\Desktop\lab3_vm\lab3_vm.cpp(382,20): warning C4018: <: несоответствие типов со знаком и без знака
C:\Users\79507\Desktop\lab3_vm\lab3_vm.cpp(387,20): warning C4018: <: несоответствие типов со знаком и без знака
  Создание кода
  Previous IPDB not found, fall back to full compilation.
  All 250 functions were compiled because no usable IPDB/IOBJ from previous compilation was found.
  Создание кода завершено
  lab3_vm.vcxproj -> C:\Users\79507\Desktop\lab3_vm\Release\lab3_vm.exe
